<?xml version="1.0" encoding="UTF-8"?>
<!-- Generated by org.testng.reporters.JUnitReportReporter -->
<testsuite hostname="AmruthaPC" failures="0" tests="1" name="script.Test1" time="0.008" errors="0" timestamp="2022-11-17T13:07:45 IST" skipped="0">
  <testcase classname="script.Test1" name="script22" time="0.008"/>
  <system-out/>
</testsuite> <!-- script.Test1 -->
